2024-09-30 12:50:40,367 [Worker-6: Loading available Gradle versions] INFO  o.e.b.c.i.u.g.PublishedGradleVersions - Gradle version information cache is out-of-date. Trying to update.
2024-09-30 12:52:00,946 [Worker-5: Importing Maven projects] INFO  o.e.m.c.i.l.LifecycleMappingFactory - Using org.eclipse.m2e.jdt.JarLifecycleMapping lifecycle mapping for MavenProject: com.ag:api-gateway:0.0.1-SNAPSHOT @ E:\Eclipse\Microservices\hotel rating microservice\hotel rating microservice\workspace\api gateway\api-gateway\pom.xml.
2024-09-30 12:52:45,299 [Worker-5: Importing Maven projects] INFO  o.e.m.j.i.AbstractJavaProjectConfigurator - Adding source folder /api-gateway/src/main/java
2024-09-30 12:52:45,300 [Worker-5: Importing Maven projects] INFO  o.e.m.j.i.AbstractJavaProjectConfigurator - Adding resource folder /api-gateway/src/main/resources
2024-09-30 12:52:45,308 [Worker-5: Importing Maven projects] INFO  o.e.m.j.i.AbstractJavaProjectConfigurator - Adding resource folder /api-gateway/src/main/resources
2024-09-30 12:52:45,316 [Worker-5: Importing Maven projects] INFO  o.e.m.j.i.AbstractJavaProjectConfigurator - Adding source folder /api-gateway/src/test/java
2024-09-30 12:52:45,316 [Worker-5: Importing Maven projects] INFO  o.e.m.j.i.AbstractJavaProjectConfigurator - Adding resource folder /api-gateway/src/test/resources
2024-09-30 12:52:46,011 [Worker-5: Importing Maven projects] INFO  o.e.m.c.i.p.ProjectConfigurationManager - Imported and configured 1 project(s) in 61 sec
2024-09-30 12:52:49,140 [Worker-7: Updating Maven Project] INFO  o.e.m.c.i.p.ProjectConfigurationManager - Update started
2024-09-30 12:52:49,875 [Worker-7: Updating Maven Project] INFO  o.e.m.c.i.l.LifecycleMappingFactory - Using org.eclipse.m2e.jdt.JarLifecycleMapping lifecycle mapping for MavenProject: com.ag:api-gateway:0.0.1-SNAPSHOT @ E:\Eclipse\Microservices\hotel rating microservice\hotel rating microservice\workspace\api gateway\api-gateway\pom.xml.
2024-09-30 12:52:51,660 [Worker-7: Updating Maven Project] INFO  o.e.m.j.i.AbstractJavaProjectConfigurator - Adding source folder /api-gateway/src/main/java
2024-09-30 12:52:51,661 [Worker-7: Updating Maven Project] INFO  o.e.m.j.i.AbstractJavaProjectConfigurator - Adding resource folder /api-gateway/src/main/resources
2024-09-30 12:52:51,661 [Worker-7: Updating Maven Project] INFO  o.e.m.j.i.AbstractJavaProjectConfigurator - Adding resource folder /api-gateway/src/main/resources
2024-09-30 12:52:51,662 [Worker-7: Updating Maven Project] INFO  o.e.m.j.i.AbstractJavaProjectConfigurator - Adding source folder /api-gateway/src/test/java
2024-09-30 12:52:51,663 [Worker-7: Updating Maven Project] INFO  o.e.m.j.i.AbstractJavaProjectConfigurator - Adding resource folder /api-gateway/src/test/resources
2024-09-30 12:52:53,528 [Worker-7: Updating Maven Project] INFO  o.e.m.c.i.p.ProjectConfigurationManager - Update completed for 1 poms: local refresh takes 0.00 sec, refresh facades takes 2.00 sec, update config takes 0.00 sec 
2024-09-30 12:52:55,195 [Worker-17: Building] INFO  o.a.m.s.f.DefaultMavenResourcesFiltering - Copying 1 resource from src\main\resources to target\classes
2024-09-30 12:52:55,220 [Worker-17: Building] INFO  o.a.m.s.f.DefaultMavenResourcesFiltering - Copying 0 resource from src\main\resources to target\classes
2024-09-30 12:52:55,229 [Worker-17: Building] INFO  o.a.m.s.f.DefaultMavenResourcesFiltering - skip non existing resourceDirectory E:\Eclipse\Microservices\hotel rating microservice\hotel rating microservice\workspace\api gateway\api-gateway\src\test\resources
2024-09-30 12:54:45,234 [Worker-22: Importing Maven projects] INFO  o.e.m.c.i.l.LifecycleMappingFactory - Using org.eclipse.m2e.jdt.JarLifecycleMapping lifecycle mapping for MavenProject: com.ag.config.server:config-server:0.0.1-SNAPSHOT @ E:\Eclipse\Microservices\hotel rating microservice\hotel rating microservice\workspace\config server\config-server\pom.xml.
2024-09-30 12:54:53,078 [Worker-22: Importing Maven projects] INFO  o.e.m.j.i.AbstractJavaProjectConfigurator - Adding source folder /config-server/src/main/java
2024-09-30 12:54:53,078 [Worker-22: Importing Maven projects] INFO  o.e.m.j.i.AbstractJavaProjectConfigurator - Adding resource folder /config-server/src/main/resources
2024-09-30 12:54:53,081 [Worker-22: Importing Maven projects] INFO  o.e.m.j.i.AbstractJavaProjectConfigurator - Adding resource folder /config-server/src/main/resources
2024-09-30 12:54:53,085 [Worker-22: Importing Maven projects] INFO  o.e.m.j.i.AbstractJavaProjectConfigurator - Adding source folder /config-server/src/test/java
2024-09-30 12:54:53,085 [Worker-22: Importing Maven projects] INFO  o.e.m.j.i.AbstractJavaProjectConfigurator - Adding resource folder /config-server/src/test/resources
2024-09-30 12:54:53,456 [Worker-22: Importing Maven projects] INFO  o.e.m.c.i.p.ProjectConfigurationManager - Imported and configured 1 project(s) in 8 sec
2024-09-30 12:54:53,737 [Worker-5: Updating Maven Project] INFO  o.e.m.c.i.p.ProjectConfigurationManager - Update started
2024-09-30 12:54:54,486 [Worker-5: Updating Maven Project] INFO  o.e.m.c.i.l.LifecycleMappingFactory - Using org.eclipse.m2e.jdt.JarLifecycleMapping lifecycle mapping for MavenProject: com.ag.config.server:config-server:0.0.1-SNAPSHOT @ E:\Eclipse\Microservices\hotel rating microservice\hotel rating microservice\workspace\config server\config-server\pom.xml.
2024-09-30 12:54:55,843 [Worker-5: Updating Maven Project] INFO  o.e.m.j.i.AbstractJavaProjectConfigurator - Adding source folder /config-server/src/main/java
2024-09-30 12:54:55,843 [Worker-5: Updating Maven Project] INFO  o.e.m.j.i.AbstractJavaProjectConfigurator - Adding resource folder /config-server/src/main/resources
2024-09-30 12:54:55,843 [Worker-5: Updating Maven Project] INFO  o.e.m.j.i.AbstractJavaProjectConfigurator - Adding resource folder /config-server/src/main/resources
2024-09-30 12:54:55,844 [Worker-5: Updating Maven Project] INFO  o.e.m.j.i.AbstractJavaProjectConfigurator - Adding source folder /config-server/src/test/java
2024-09-30 12:54:55,844 [Worker-5: Updating Maven Project] INFO  o.e.m.j.i.AbstractJavaProjectConfigurator - Adding resource folder /config-server/src/test/resources
2024-09-30 12:54:56,205 [Worker-5: Updating Maven Project] INFO  o.e.m.c.i.p.ProjectConfigurationManager - Update completed for 1 poms: local refresh takes 0.00 sec, refresh facades takes 2.00 sec, update config takes 0.00 sec 
2024-09-30 12:54:56,576 [Worker-7: Building] INFO  o.a.m.s.f.DefaultMavenResourcesFiltering - Copying 2 resources from src\main\resources to target\classes
2024-09-30 12:54:56,600 [Worker-7: Building] INFO  o.a.m.s.f.DefaultMavenResourcesFiltering - Copying 0 resource from src\main\resources to target\classes
2024-09-30 12:54:56,606 [Worker-7: Building] INFO  o.a.m.s.f.DefaultMavenResourcesFiltering - skip non existing resourceDirectory E:\Eclipse\Microservices\hotel rating microservice\hotel rating microservice\workspace\config server\config-server\src\test\resources
2024-09-30 12:55:50,865 [Worker-22: Importing Maven projects] INFO  o.e.m.c.i.l.LifecycleMappingFactory - Using org.eclipse.m2e.jdt.JarLifecycleMapping lifecycle mapping for MavenProject: com.ag:hotel-service:0.0.1-SNAPSHOT @ E:\Eclipse\Microservices\hotel rating microservice\hotel rating microservice\workspace\hotel\hotel-service\pom.xml.
2024-09-30 12:55:58,352 [Worker-22: Importing Maven projects] INFO  o.e.m.j.i.AbstractJavaProjectConfigurator - Adding source folder /hotel-service/src/main/java
2024-09-30 12:55:58,353 [Worker-22: Importing Maven projects] INFO  o.e.m.j.i.AbstractJavaProjectConfigurator - Adding resource folder /hotel-service/src/main/resources
2024-09-30 12:55:58,356 [Worker-22: Importing Maven projects] INFO  o.e.m.j.i.AbstractJavaProjectConfigurator - Adding resource folder /hotel-service/src/main/resources
2024-09-30 12:55:58,359 [Worker-22: Importing Maven projects] INFO  o.e.m.j.i.AbstractJavaProjectConfigurator - Adding source folder /hotel-service/src/test/java
2024-09-30 12:55:58,360 [Worker-22: Importing Maven projects] INFO  o.e.m.j.i.AbstractJavaProjectConfigurator - Adding resource folder /hotel-service/src/test/resources
2024-09-30 12:55:58,777 [Worker-22: Importing Maven projects] INFO  o.e.m.c.i.p.ProjectConfigurationManager - Imported and configured 1 project(s) in 8 sec
2024-09-30 12:55:58,993 [Worker-19: Updating Maven Project] INFO  o.e.m.c.i.p.ProjectConfigurationManager - Update started
2024-09-30 12:55:59,677 [Worker-19: Updating Maven Project] INFO  o.e.m.c.i.l.LifecycleMappingFactory - Using org.eclipse.m2e.jdt.JarLifecycleMapping lifecycle mapping for MavenProject: com.ag:hotel-service:0.0.1-SNAPSHOT @ E:\Eclipse\Microservices\hotel rating microservice\hotel rating microservice\workspace\hotel\hotel-service\pom.xml.
2024-09-30 12:56:01,090 [Worker-19: Updating Maven Project] INFO  o.e.m.j.i.AbstractJavaProjectConfigurator - Adding source folder /hotel-service/src/main/java
2024-09-30 12:56:01,090 [Worker-19: Updating Maven Project] INFO  o.e.m.j.i.AbstractJavaProjectConfigurator - Adding resource folder /hotel-service/src/main/resources
2024-09-30 12:56:01,091 [Worker-19: Updating Maven Project] INFO  o.e.m.j.i.AbstractJavaProjectConfigurator - Adding resource folder /hotel-service/src/main/resources
2024-09-30 12:56:01,091 [Worker-19: Updating Maven Project] INFO  o.e.m.j.i.AbstractJavaProjectConfigurator - Adding source folder /hotel-service/src/test/java
2024-09-30 12:56:01,091 [Worker-19: Updating Maven Project] INFO  o.e.m.j.i.AbstractJavaProjectConfigurator - Adding resource folder /hotel-service/src/test/resources
2024-09-30 12:56:01,520 [Worker-19: Updating Maven Project] INFO  o.e.m.c.i.p.ProjectConfigurationManager - Update completed for 1 poms: local refresh takes 0.00 sec, refresh facades takes 1.00 sec, update config takes 0.00 sec 
2024-09-30 12:56:02,193 [Worker-19: Building] INFO  o.a.m.s.f.DefaultMavenResourcesFiltering - Copying 2 resources from src\main\resources to target\classes
2024-09-30 12:56:02,224 [Worker-19: Building] INFO  o.a.m.s.f.DefaultMavenResourcesFiltering - Copying 0 resource from src\main\resources to target\classes
2024-09-30 12:56:02,229 [Worker-19: Building] INFO  o.a.m.s.f.DefaultMavenResourcesFiltering - skip non existing resourceDirectory E:\Eclipse\Microservices\hotel rating microservice\hotel rating microservice\workspace\hotel\hotel-service\src\test\resources
2024-09-30 12:56:41,369 [Worker-8: Importing Maven projects] INFO  o.e.m.c.i.l.LifecycleMappingFactory - Using org.eclipse.m2e.jdt.JarLifecycleMapping lifecycle mapping for MavenProject: com.ag:rating-service:0.0.1-SNAPSHOT @ E:\Eclipse\Microservices\hotel rating microservice\hotel rating microservice\workspace\rating\rating-service\pom.xml.
2024-09-30 12:57:01,890 [Worker-8: Importing Maven projects] INFO  o.e.m.j.i.AbstractJavaProjectConfigurator - Adding source folder /rating-service/src/main/java
2024-09-30 12:57:01,890 [Worker-8: Importing Maven projects] INFO  o.e.m.j.i.AbstractJavaProjectConfigurator - Adding resource folder /rating-service/src/main/resources
2024-09-30 12:57:01,895 [Worker-8: Importing Maven projects] INFO  o.e.m.j.i.AbstractJavaProjectConfigurator - Adding resource folder /rating-service/src/main/resources
2024-09-30 12:57:01,901 [Worker-8: Importing Maven projects] INFO  o.e.m.j.i.AbstractJavaProjectConfigurator - Adding source folder /rating-service/src/test/java
2024-09-30 12:57:01,901 [Worker-8: Importing Maven projects] INFO  o.e.m.j.i.AbstractJavaProjectConfigurator - Adding resource folder /rating-service/src/test/resources
2024-09-30 12:57:02,255 [Worker-8: Importing Maven projects] INFO  o.e.m.c.i.p.ProjectConfigurationManager - Imported and configured 1 project(s) in 22 sec
2024-09-30 12:57:02,371 [Worker-5: Updating Maven Project] INFO  o.e.m.c.i.p.ProjectConfigurationManager - Update started
2024-09-30 12:57:02,905 [Worker-5: Updating Maven Project] INFO  o.e.m.c.i.l.LifecycleMappingFactory - Using org.eclipse.m2e.jdt.JarLifecycleMapping lifecycle mapping for MavenProject: com.ag:rating-service:0.0.1-SNAPSHOT @ E:\Eclipse\Microservices\hotel rating microservice\hotel rating microservice\workspace\rating\rating-service\pom.xml.
2024-09-30 12:57:04,116 [Worker-5: Updating Maven Project] INFO  o.e.m.j.i.AbstractJavaProjectConfigurator - Adding source folder /rating-service/src/main/java
2024-09-30 12:57:04,117 [Worker-5: Updating Maven Project] INFO  o.e.m.j.i.AbstractJavaProjectConfigurator - Adding resource folder /rating-service/src/main/resources
2024-09-30 12:57:04,117 [Worker-5: Updating Maven Project] INFO  o.e.m.j.i.AbstractJavaProjectConfigurator - Adding resource folder /rating-service/src/main/resources
2024-09-30 12:57:04,117 [Worker-5: Updating Maven Project] INFO  o.e.m.j.i.AbstractJavaProjectConfigurator - Adding source folder /rating-service/src/test/java
2024-09-30 12:57:04,117 [Worker-5: Updating Maven Project] INFO  o.e.m.j.i.AbstractJavaProjectConfigurator - Adding resource folder /rating-service/src/test/resources
2024-09-30 12:57:04,519 [Worker-5: Updating Maven Project] INFO  o.e.m.c.i.p.ProjectConfigurationManager - Update completed for 1 poms: local refresh takes 0.00 sec, refresh facades takes 1.00 sec, update config takes 0.00 sec 
2024-09-30 12:57:05,533 [Worker-23: Building] INFO  o.a.m.s.f.DefaultMavenResourcesFiltering - Copying 2 resources from src\main\resources to target\classes
2024-09-30 12:57:05,552 [Worker-23: Building] INFO  o.a.m.s.f.DefaultMavenResourcesFiltering - Copying 0 resource from src\main\resources to target\classes
2024-09-30 12:57:05,555 [Worker-23: Building] INFO  o.a.m.s.f.DefaultMavenResourcesFiltering - skip non existing resourceDirectory E:\Eclipse\Microservices\hotel rating microservice\hotel rating microservice\workspace\rating\rating-service\src\test\resources
2024-09-30 12:57:42,760 [Worker-7: Importing Maven projects] INFO  o.e.m.c.i.l.LifecycleMappingFactory - Using org.eclipse.m2e.jdt.JarLifecycleMapping lifecycle mapping for MavenProject: com.ag:service-registory:0.0.1-SNAPSHOT @ E:\Eclipse\Microservices\hotel rating microservice\hotel rating microservice\workspace\services registory\service-registory\pom.xml.
2024-09-30 12:57:54,245 [Worker-7: Importing Maven projects] INFO  o.e.m.j.i.AbstractJavaProjectConfigurator - Adding source folder /service-registory/src/main/java
2024-09-30 12:57:54,245 [Worker-7: Importing Maven projects] INFO  o.e.m.j.i.AbstractJavaProjectConfigurator - Adding resource folder /service-registory/src/main/resources
2024-09-30 12:57:54,248 [Worker-7: Importing Maven projects] INFO  o.e.m.j.i.AbstractJavaProjectConfigurator - Adding resource folder /service-registory/src/main/resources
2024-09-30 12:57:54,251 [Worker-7: Importing Maven projects] INFO  o.e.m.j.i.AbstractJavaProjectConfigurator - Adding source folder /service-registory/src/test/java
2024-09-30 12:57:54,252 [Worker-7: Importing Maven projects] INFO  o.e.m.j.i.AbstractJavaProjectConfigurator - Adding resource folder /service-registory/src/test/resources
2024-09-30 12:57:55,329 [Worker-7: Importing Maven projects] INFO  o.e.m.c.i.p.ProjectConfigurationManager - Imported and configured 1 project(s) in 13 sec
2024-09-30 12:57:55,474 [Worker-19: Updating Maven Project] INFO  o.e.m.c.i.p.ProjectConfigurationManager - Update started
2024-09-30 12:57:56,192 [Worker-19: Updating Maven Project] INFO  o.e.m.c.i.l.LifecycleMappingFactory - Using org.eclipse.m2e.jdt.JarLifecycleMapping lifecycle mapping for MavenProject: com.ag:service-registory:0.0.1-SNAPSHOT @ E:\Eclipse\Microservices\hotel rating microservice\hotel rating microservice\workspace\services registory\service-registory\pom.xml.
2024-09-30 12:57:57,621 [Worker-19: Updating Maven Project] INFO  o.e.m.j.i.AbstractJavaProjectConfigurator - Adding source folder /service-registory/src/main/java
2024-09-30 12:57:57,621 [Worker-19: Updating Maven Project] INFO  o.e.m.j.i.AbstractJavaProjectConfigurator - Adding resource folder /service-registory/src/main/resources
2024-09-30 12:57:57,621 [Worker-19: Updating Maven Project] INFO  o.e.m.j.i.AbstractJavaProjectConfigurator - Adding resource folder /service-registory/src/main/resources
2024-09-30 12:57:57,622 [Worker-19: Updating Maven Project] INFO  o.e.m.j.i.AbstractJavaProjectConfigurator - Adding source folder /service-registory/src/test/java
2024-09-30 12:57:57,622 [Worker-19: Updating Maven Project] INFO  o.e.m.j.i.AbstractJavaProjectConfigurator - Adding resource folder /service-registory/src/test/resources
2024-09-30 12:57:57,999 [Worker-19: Updating Maven Project] INFO  o.e.m.c.i.p.ProjectConfigurationManager - Update completed for 1 poms: local refresh takes 0.00 sec, refresh facades takes 1.00 sec, update config takes 0.00 sec 
2024-09-30 12:57:58,305 [Worker-8: Building] INFO  o.a.m.s.f.DefaultMavenResourcesFiltering - Copying 2 resources from src\main\resources to target\classes
2024-09-30 12:57:58,318 [Worker-8: Building] INFO  o.a.m.s.f.DefaultMavenResourcesFiltering - Copying 0 resource from src\main\resources to target\classes
2024-09-30 12:57:58,321 [Worker-8: Building] INFO  o.a.m.s.f.DefaultMavenResourcesFiltering - skip non existing resourceDirectory E:\Eclipse\Microservices\hotel rating microservice\hotel rating microservice\workspace\services registory\service-registory\src\test\resources
2024-09-30 12:58:44,248 [Worker-7: Importing Maven projects] INFO  o.e.m.c.i.l.LifecycleMappingFactory - Using org.eclipse.m2e.jdt.JarLifecycleMapping lifecycle mapping for MavenProject: ag.java:UserService:0.0.1-SNAPSHOT @ E:\Eclipse\Microservices\hotel rating microservice\hotel rating microservice\workspace\user\UserService\pom.xml.
2024-09-30 12:59:05,080 [Worker-7: Importing Maven projects] INFO  o.e.m.j.i.AbstractJavaProjectConfigurator - Adding source folder /UserService/src/main/java
2024-09-30 12:59:05,080 [Worker-7: Importing Maven projects] INFO  o.e.m.j.i.AbstractJavaProjectConfigurator - Adding resource folder /UserService/src/main/resources
2024-09-30 12:59:05,084 [Worker-7: Importing Maven projects] INFO  o.e.m.j.i.AbstractJavaProjectConfigurator - Adding resource folder /UserService/src/main/resources
2024-09-30 12:59:05,087 [Worker-7: Importing Maven projects] INFO  o.e.m.j.i.AbstractJavaProjectConfigurator - Adding source folder /UserService/src/test/java
2024-09-30 12:59:05,087 [Worker-7: Importing Maven projects] INFO  o.e.m.j.i.AbstractJavaProjectConfigurator - Adding resource folder /UserService/src/test/resources
2024-09-30 12:59:05,718 [Worker-7: Importing Maven projects] INFO  o.e.m.c.i.p.ProjectConfigurationManager - Imported and configured 1 project(s) in 24 sec
2024-09-30 12:59:05,765 [Worker-17: Updating Maven Project] INFO  o.e.m.c.i.p.ProjectConfigurationManager - Update started
2024-09-30 12:59:06,145 [Worker-17: Updating Maven Project] INFO  o.e.m.c.i.l.LifecycleMappingFactory - Using org.eclipse.m2e.jdt.JarLifecycleMapping lifecycle mapping for MavenProject: ag.java:UserService:0.0.1-SNAPSHOT @ E:\Eclipse\Microservices\hotel rating microservice\hotel rating microservice\workspace\user\UserService\pom.xml.
2024-09-30 12:59:07,321 [Worker-17: Updating Maven Project] INFO  o.e.m.j.i.AbstractJavaProjectConfigurator - Adding source folder /UserService/src/main/java
2024-09-30 12:59:07,321 [Worker-17: Updating Maven Project] INFO  o.e.m.j.i.AbstractJavaProjectConfigurator - Adding resource folder /UserService/src/main/resources
2024-09-30 12:59:07,321 [Worker-17: Updating Maven Project] INFO  o.e.m.j.i.AbstractJavaProjectConfigurator - Adding resource folder /UserService/src/main/resources
2024-09-30 12:59:07,322 [Worker-17: Updating Maven Project] INFO  o.e.m.j.i.AbstractJavaProjectConfigurator - Adding source folder /UserService/src/test/java
2024-09-30 12:59:07,322 [Worker-17: Updating Maven Project] INFO  o.e.m.j.i.AbstractJavaProjectConfigurator - Adding resource folder /UserService/src/test/resources
2024-09-30 12:59:07,813 [Worker-17: Updating Maven Project] INFO  o.e.m.c.i.p.ProjectConfigurationManager - Update completed for 1 poms: local refresh takes 0.00 sec, refresh facades takes 1.00 sec, update config takes 0.00 sec 
2024-09-30 12:59:08,568 [Worker-23: Building] INFO  o.a.m.s.f.DefaultMavenResourcesFiltering - Copying 2 resources from src\main\resources to target\classes
2024-09-30 12:59:08,613 [Worker-23: Building] INFO  o.a.m.s.f.DefaultMavenResourcesFiltering - Copying 0 resource from src\main\resources to target\classes
2024-09-30 12:59:08,619 [Worker-23: Building] INFO  o.a.m.s.f.DefaultMavenResourcesFiltering - skip non existing resourceDirectory E:\Eclipse\Microservices\hotel rating microservice\hotel rating microservice\workspace\user\UserService\src\test\resources
2024-09-30 13:06:12,315 [Worker-23: Importing Maven projects] INFO  o.e.m.c.i.l.LifecycleMappingFactory - Using org.eclipse.m2e.jdt.JarLifecycleMapping lifecycle mapping for MavenProject: ag.java:UserService:0.0.1-SNAPSHOT @ E:\Eclipse\Microservices\hotel rating microservice\hotel rating microservice\workspace\user\UserService\pom.xml.
2024-09-30 13:06:25,640 [Worker-23: Importing Maven projects] INFO  o.e.m.j.i.AbstractJavaProjectConfigurator - Adding source folder /UserService/src/main/java
2024-09-30 13:06:25,640 [Worker-23: Importing Maven projects] INFO  o.e.m.j.i.AbstractJavaProjectConfigurator - Adding resource folder /UserService/src/main/resources
2024-09-30 13:06:25,640 [Worker-23: Importing Maven projects] INFO  o.e.m.j.i.AbstractJavaProjectConfigurator - Adding resource folder /UserService/src/main/resources
2024-09-30 13:06:25,641 [Worker-23: Importing Maven projects] INFO  o.e.m.j.i.AbstractJavaProjectConfigurator - Adding source folder /UserService/src/test/java
2024-09-30 13:06:25,641 [Worker-23: Importing Maven projects] INFO  o.e.m.j.i.AbstractJavaProjectConfigurator - Adding resource folder /UserService/src/test/resources
2024-09-30 13:06:26,313 [Worker-23: Importing Maven projects] INFO  o.e.m.c.i.p.ProjectConfigurationManager - Imported and configured 1 project(s) in 15 sec
2024-09-30 13:06:26,397 [Worker-23: Updating Maven Project] INFO  o.e.m.c.i.p.ProjectConfigurationManager - Update started
2024-09-30 13:06:26,814 [Worker-23: Updating Maven Project] INFO  o.e.m.c.i.l.LifecycleMappingFactory - Using org.eclipse.m2e.jdt.JarLifecycleMapping lifecycle mapping for MavenProject: ag.java:UserService:0.0.1-SNAPSHOT @ E:\Eclipse\Microservices\hotel rating microservice\hotel rating microservice\workspace\user\UserService\pom.xml.
2024-09-30 13:06:28,121 [Worker-23: Updating Maven Project] INFO  o.e.m.j.i.AbstractJavaProjectConfigurator - Adding source folder /UserService/src/main/java
2024-09-30 13:06:28,122 [Worker-23: Updating Maven Project] INFO  o.e.m.j.i.AbstractJavaProjectConfigurator - Adding resource folder /UserService/src/main/resources
2024-09-30 13:06:28,123 [Worker-23: Updating Maven Project] INFO  o.e.m.j.i.AbstractJavaProjectConfigurator - Adding resource folder /UserService/src/main/resources
2024-09-30 13:06:28,124 [Worker-23: Updating Maven Project] INFO  o.e.m.j.i.AbstractJavaProjectConfigurator - Adding source folder /UserService/src/test/java
2024-09-30 13:06:28,125 [Worker-23: Updating Maven Project] INFO  o.e.m.j.i.AbstractJavaProjectConfigurator - Adding resource folder /UserService/src/test/resources
2024-09-30 13:06:28,638 [Worker-23: Updating Maven Project] INFO  o.e.m.c.i.p.ProjectConfigurationManager - Update completed for 1 poms: local refresh takes 0.00 sec, refresh facades takes 1.00 sec, update config takes 0.00 sec 
2024-09-30 13:06:29,709 [Worker-23: Building] INFO  o.a.m.s.f.DefaultMavenResourcesFiltering - Copying 2 resources from src\main\resources to target\classes
2024-09-30 13:06:29,732 [Worker-23: Building] INFO  o.a.m.s.f.DefaultMavenResourcesFiltering - Copying 0 resource from src\main\resources to target\classes
2024-09-30 13:06:29,736 [Worker-23: Building] INFO  o.a.m.s.f.DefaultMavenResourcesFiltering - skip non existing resourceDirectory E:\Eclipse\Microservices\hotel rating microservice\hotel rating microservice\workspace\user\UserService\src\test\resources
2024-10-01 11:51:18,213 [Worker-1: Loading available Gradle versions] INFO  o.e.b.c.i.u.g.PublishedGradleVersions - Gradle version information cache is up-to-date. Trying to read.
2024-10-01 12:02:30,422 [Start Help Server] INFO  org.eclipse.jetty.server.Server - jetty-10.0.15; built: 2023-04-11T17:25:14.480Z; git: 68017dbd00236bb7e187330d7585a059610f661d; jvm 17.0.11+9
2024-10-01 12:02:30,499 [Start Help Server] INFO  o.e.j.s.s.DefaultSessionIdManager - Session workerName=node0
2024-10-01 12:02:30,547 [Start Help Server] INFO  o.e.j.server.handler.ContextHandler - Started o.e.j.s.ServletContextHandler@2cb2d670{/help,null,AVAILABLE}
2024-10-01 12:02:30,617 [Start Help Server] INFO  o.e.jetty.server.AbstractConnector - Started ServerConnector@6bf879d8{HTTP/1.1, (http/1.1)}{127.0.0.1:53432}
2024-10-01 12:02:30,715 [Start Help Server] INFO  org.eclipse.jetty.server.Server - Started Server@2b1bdeea{STARTING}[10.0.15,sto=0] @779818ms
2024-10-01 16:30:50,440 [Stop Help Server] INFO  org.eclipse.jetty.server.Server - Stopped Server@2b1bdeea{STOPPING}[10.0.15,sto=0]
2024-10-01 16:30:51,522 [Stop Help Server] INFO  o.e.jetty.server.AbstractConnector - Stopped ServerConnector@6bf879d8{HTTP/1.1, (http/1.1)}{127.0.0.1:0}
2024-10-01 16:30:52,411 [Stop Help Server] INFO  o.e.j.server.handler.ContextHandler - Stopped o.e.j.s.ServletContextHandler@2cb2d670{/help,null,STOPPED}
2024-10-02 11:22:20,012 [Worker-3: Loading available Gradle versions] INFO  o.e.b.c.i.u.g.PublishedGradleVersions - Gradle version information cache is up-to-date. Trying to read.
2024-10-02 14:10:59,869 [Start Help Server] INFO  org.eclipse.jetty.server.Server - jetty-10.0.15; built: 2023-04-11T17:25:14.480Z; git: 68017dbd00236bb7e187330d7585a059610f661d; jvm 17.0.11+9
2024-10-02 14:11:00,337 [Start Help Server] INFO  o.e.j.s.s.DefaultSessionIdManager - Session workerName=node0
2024-10-02 14:11:00,414 [Start Help Server] INFO  o.e.j.server.handler.ContextHandler - Started o.e.j.s.ServletContextHandler@373ede8b{/help,null,AVAILABLE}
2024-10-02 14:11:00,558 [Start Help Server] INFO  o.e.jetty.server.AbstractConnector - Started ServerConnector@710df1b7{HTTP/1.1, (http/1.1)}{127.0.0.1:55488}
2024-10-02 14:11:00,918 [Start Help Server] INFO  org.eclipse.jetty.server.Server - Started Server@4181b115{STARTING}[10.0.15,sto=0] @10217217ms
2024-10-02 14:34:37,585 [Stop Help Server] INFO  org.eclipse.jetty.server.Server - Stopped Server@4181b115{STOPPING}[10.0.15,sto=0]
2024-10-02 14:34:37,615 [Stop Help Server] INFO  o.e.jetty.server.AbstractConnector - Stopped ServerConnector@710df1b7{HTTP/1.1, (http/1.1)}{127.0.0.1:0}
2024-10-02 14:34:37,652 [Stop Help Server] INFO  o.e.j.server.handler.ContextHandler - Stopped o.e.j.s.ServletContextHandler@373ede8b{/help,null,STOPPED}
2024-10-03 12:54:27,569 [Worker-5: Loading available Gradle versions] INFO  o.e.b.c.i.u.g.PublishedGradleVersions - Gradle version information cache is out-of-date. Trying to update.
2024-10-04 10:27:14,010 [Worker-2: Loading available Gradle versions] INFO  o.e.b.c.i.u.g.PublishedGradleVersions - Gradle version information cache is up-to-date. Trying to read.
2024-10-04 10:32:30,001 [Start Help Server] INFO  org.eclipse.jetty.server.Server - jetty-10.0.15; built: 2023-04-11T17:25:14.480Z; git: 68017dbd00236bb7e187330d7585a059610f661d; jvm 17.0.11+9
2024-10-04 10:32:30,114 [Start Help Server] INFO  o.e.j.s.s.DefaultSessionIdManager - Session workerName=node0
2024-10-04 10:32:30,169 [Start Help Server] INFO  o.e.j.server.handler.ContextHandler - Started o.e.j.s.ServletContextHandler@15f880de{/help,null,AVAILABLE}
2024-10-04 10:32:30,238 [Start Help Server] INFO  o.e.jetty.server.AbstractConnector - Started ServerConnector@66a7e8f6{HTTP/1.1, (http/1.1)}{127.0.0.1:57438}
2024-10-04 10:32:30,372 [Start Help Server] INFO  org.eclipse.jetty.server.Server - Started Server@1de720e6{STARTING}[10.0.15,sto=0] @419296ms
2024-10-04 16:40:42,743 [Stop Help Server] INFO  org.eclipse.jetty.server.Server - Stopped Server@1de720e6{STOPPING}[10.0.15,sto=0]
2024-10-04 16:40:43,346 [Stop Help Server] INFO  o.e.jetty.server.AbstractConnector - Stopped ServerConnector@66a7e8f6{HTTP/1.1, (http/1.1)}{127.0.0.1:0}
2024-10-04 16:40:44,146 [Stop Help Server] INFO  o.e.j.server.handler.ContextHandler - Stopped o.e.j.s.ServletContextHandler@15f880de{/help,null,STOPPED}
2024-10-04 16:42:48,508 [Worker-2: Loading available Gradle versions] INFO  o.e.b.c.i.u.g.PublishedGradleVersions - Gradle version information cache is up-to-date. Trying to read.
2024-10-05 10:41:15,809 [Worker-2: Loading available Gradle versions] INFO  o.e.b.c.i.u.g.PublishedGradleVersions - Gradle version information cache is up-to-date. Trying to read.
2024-10-05 10:43:13,041 [Start Help Server] INFO  org.eclipse.jetty.server.Server - jetty-10.0.15; built: 2023-04-11T17:25:14.480Z; git: 68017dbd00236bb7e187330d7585a059610f661d; jvm 17.0.11+9
2024-10-05 10:43:13,149 [Start Help Server] INFO  o.e.j.s.s.DefaultSessionIdManager - Session workerName=node0
2024-10-05 10:43:13,226 [Start Help Server] INFO  o.e.j.server.handler.ContextHandler - Started o.e.j.s.ServletContextHandler@7524e6b5{/help,null,AVAILABLE}
2024-10-05 10:43:13,303 [Start Help Server] INFO  o.e.jetty.server.AbstractConnector - Started ServerConnector@bf016dc{HTTP/1.1, (http/1.1)}{127.0.0.1:61427}
2024-10-05 10:43:13,435 [Start Help Server] INFO  org.eclipse.jetty.server.Server - Started Server@430d25b7{STARTING}[10.0.15,sto=0] @287137ms
2024-10-05 11:54:44,829 [Worker-29: Building] INFO  o.a.m.s.f.DefaultMavenResourcesFiltering - Copying 2 resources from src\main\resources to target\classes
2024-10-05 11:54:45,195 [Worker-29: Building] INFO  o.a.m.s.f.DefaultMavenResourcesFiltering - Copying 0 resource from src\main\resources to target\classes
2024-10-05 11:54:45,202 [Worker-29: Building] INFO  o.a.m.s.f.DefaultMavenResourcesFiltering - skip non existing resourceDirectory E:\Eclipse\Microservices\hotel rating microservice\hotel rating microservice\workspace\user\UserService\src\test\resources
2024-10-05 11:54:54,327 [Worker-29: Building] INFO  o.a.m.s.f.DefaultMavenResourcesFiltering - Copying 1 resource from src\main\resources to target\classes
2024-10-05 11:54:54,399 [Worker-29: Building] INFO  o.a.m.s.f.DefaultMavenResourcesFiltering - Copying 0 resource from src\main\resources to target\classes
2024-10-05 11:54:54,406 [Worker-29: Building] INFO  o.a.m.s.f.DefaultMavenResourcesFiltering - skip non existing resourceDirectory E:\Eclipse\Microservices\hotel rating microservice\hotel rating microservice\workspace\api gateway\api-gateway\src\test\resources
2024-10-05 11:54:56,942 [Worker-36: Building] INFO  o.a.m.s.f.DefaultMavenResourcesFiltering - Copying 2 resources from src\main\resources to target\classes
2024-10-05 11:54:57,987 [Worker-36: Building] INFO  o.a.m.s.f.DefaultMavenResourcesFiltering - Copying 0 resource from src\main\resources to target\classes
2024-10-05 11:54:57,990 [Worker-36: Building] INFO  o.a.m.s.f.DefaultMavenResourcesFiltering - skip non existing resourceDirectory E:\Eclipse\Microservices\hotel rating microservice\hotel rating microservice\workspace\user\UserService\src\test\resources
2024-10-05 11:55:01,390 [Worker-36: Building] INFO  o.a.m.s.f.DefaultMavenResourcesFiltering - Copying 2 resources from src\main\resources to target\classes
2024-10-05 11:55:01,405 [Worker-36: Building] INFO  o.a.m.s.f.DefaultMavenResourcesFiltering - Copying 0 resource from src\main\resources to target\classes
2024-10-05 11:55:01,409 [Worker-36: Building] INFO  o.a.m.s.f.DefaultMavenResourcesFiltering - skip non existing resourceDirectory E:\Eclipse\Microservices\hotel rating microservice\hotel rating microservice\workspace\config server\config-server\src\test\resources
2024-10-05 11:55:04,695 [Worker-36: Building] INFO  o.a.m.s.f.DefaultMavenResourcesFiltering - Copying 2 resources from src\main\resources to target\classes
2024-10-05 11:55:04,711 [Worker-36: Building] INFO  o.a.m.s.f.DefaultMavenResourcesFiltering - Copying 0 resource from src\main\resources to target\classes
2024-10-05 11:55:04,715 [Worker-36: Building] INFO  o.a.m.s.f.DefaultMavenResourcesFiltering - skip non existing resourceDirectory E:\Eclipse\Microservices\hotel rating microservice\hotel rating microservice\workspace\hotel\hotel-service\src\test\resources
2024-10-05 11:55:06,509 [Worker-36: Building] INFO  o.a.m.s.f.DefaultMavenResourcesFiltering - Copying 2 resources from src\main\resources to target\classes
2024-10-05 11:55:06,541 [Worker-36: Building] INFO  o.a.m.s.f.DefaultMavenResourcesFiltering - Copying 0 resource from src\main\resources to target\classes
2024-10-05 11:55:06,551 [Worker-36: Building] INFO  o.a.m.s.f.DefaultMavenResourcesFiltering - skip non existing resourceDirectory E:\Eclipse\Microservices\hotel rating microservice\hotel rating microservice\workspace\rating\rating-service\src\test\resources
2024-10-05 11:55:13,029 [Worker-36: Building] INFO  o.a.m.s.f.DefaultMavenResourcesFiltering - Copying 2 resources from src\main\resources to target\classes
2024-10-05 11:55:13,094 [Worker-36: Building] INFO  o.a.m.s.f.DefaultMavenResourcesFiltering - Copying 0 resource from src\main\resources to target\classes
2024-10-05 11:55:13,102 [Worker-36: Building] INFO  o.a.m.s.f.DefaultMavenResourcesFiltering - skip non existing resourceDirectory E:\Eclipse\Microservices\hotel rating microservice\hotel rating microservice\workspace\services registory\service-registory\src\test\resources
2024-10-05 15:25:56,231 [Worker-66: Building] INFO  o.a.m.s.f.DefaultMavenResourcesFiltering - Copying 2 resources from src\main\resources to target\classes
2024-10-05 15:26:40,025 [Worker-66: Building] INFO  o.a.m.s.f.DefaultMavenResourcesFiltering - Copying 0 resource from src\main\resources to target\classes
2024-10-05 15:26:47,549 [Worker-66: Building] INFO  o.a.m.s.f.DefaultMavenResourcesFiltering - skip non existing resourceDirectory E:\Eclipse\Microservices\hotel rating microservice\hotel rating microservice\workspace\rating\rating-service\src\test\resources
2024-10-05 15:31:52,163 [Stop Help Server] INFO  org.eclipse.jetty.server.Server - Stopped Server@430d25b7{STOPPING}[10.0.15,sto=0]
2024-10-05 15:31:53,065 [Stop Help Server] INFO  o.e.jetty.server.AbstractConnector - Stopped ServerConnector@bf016dc{HTTP/1.1, (http/1.1)}{127.0.0.1:0}
2024-10-05 15:31:54,171 [Stop Help Server] INFO  o.e.j.server.handler.ContextHandler - Stopped o.e.j.s.ServletContextHandler@7524e6b5{/help,null,STOPPED}
2024-10-05 15:51:18,782 [Worker-7: Loading available Gradle versions] INFO  o.e.b.c.i.u.g.PublishedGradleVersions - Gradle version information cache is up-to-date. Trying to read.
2024-10-05 16:06:54,159 [Start Help Server] INFO  org.eclipse.jetty.server.Server - jetty-10.0.15; built: 2023-04-11T17:25:14.480Z; git: 68017dbd00236bb7e187330d7585a059610f661d; jvm 17.0.11+9
2024-10-05 16:06:54,258 [Start Help Server] INFO  o.e.j.s.s.DefaultSessionIdManager - Session workerName=node0
2024-10-05 16:06:54,302 [Start Help Server] INFO  o.e.j.server.handler.ContextHandler - Started o.e.j.s.ServletContextHandler@59684010{/help,null,AVAILABLE}
2024-10-05 16:06:54,351 [Start Help Server] INFO  o.e.jetty.server.AbstractConnector - Started ServerConnector@5d264c3e{HTTP/1.1, (http/1.1)}{127.0.0.1:50283}
2024-10-05 16:06:54,466 [Start Help Server] INFO  org.eclipse.jetty.server.Server - Started Server@5b31de76{STARTING}[10.0.15,sto=0] @1132005ms
2024-10-05 17:30:53,385 [Stop Help Server] INFO  org.eclipse.jetty.server.Server - Stopped Server@5b31de76{STOPPING}[10.0.15,sto=0]
2024-10-05 17:30:53,680 [Stop Help Server] INFO  o.e.jetty.server.AbstractConnector - Stopped ServerConnector@5d264c3e{HTTP/1.1, (http/1.1)}{127.0.0.1:0}
2024-10-05 17:30:53,797 [Stop Help Server] INFO  o.e.j.server.handler.ContextHandler - Stopped o.e.j.s.ServletContextHandler@59684010{/help,null,STOPPED}
